irun: 15.20-s058: (c) Copyright 1995-2018 Cadence Design Systems, Inc.
TOOL:	irun	15.20-s058: Started on May 08, 2024 at 23:24:19 CST
/home/project/eda/pkgs/cadence/ius/v15.20/tools.lnx86/bin/irun
	-licqueue
	-Wcxx -fPIC
	-dpi
	-g
	-sysc
	-scsynceverydelta on
	-uvmnocndsextra
	-tlm2
	-access rw
	-DSC_INCLUDE_DYNAMIC_PROCESSES
	-DINCA
	-define INCA
	-uvmhome /home/project/eda/pkgs/cadence/ius/default/tools/methodology/UVM/CDNS-1.2/sv
	-incdir /NOBACKUP/atcpcw10/jasonli/sc/uvmc-2.3.3/src/connect/sv
	/NOBACKUP/atcpcw10/jasonli/sc/uvmc-2.3.3/src/connect/sv/uvmc_pkg.sv
	-I/home/project/eda/pkgs/cadence/ius/default/tools/systemc/include/tlm2/tlm_utils
	-I/NOBACKUP/atcpcw10/jasonli/sc/uvmc-2.3.3/src/connect/sc /NOBACKUP/atcpcw10/jasonli/sc/uvmc-2.3.3/src/connect/sc/uvmc.cpp
	-I.
	+define+UVM_NO_DPI
	+define+UVM_FIX_REV=undefined
	-sc_main
	-I/NOBACKUP/atcpcw10/jasonli/sc/uvmc-2.3.3/src/connect/sc
	-I./common sc2sv.cpp
	-incdir ./common
	sc2sv.sv
	+UVMC_COMMAND_TRACE

   User defined plus("+") options:
	+UVMC_COMMAND_TRACE

irun: *W,UVMDPI: UVM dpi code will not be loaded because of define UVM_NO_DPI.
Loading snapshot worklib.sv_main:sv .................... Done
SVSEED default: 1
Connecting an SC-side proxy chan for 'producer.out' with lookup string '42' for later connection with SV
ncsim: *W,DSEM2009: This SystemVerilog design is simulated as per IEEE 1800-2009 SystemVerilog simulation semantics. Use -disable_sem2009 option for turning off SV 2009 simulation semantics.
ncsim> source /home/project/eda/pkgs/cadence/ius/v15.20/tools/inca/files/ncsimrc
ncsim> source /home/project/eda/pkgs/cadence/ius/default/tools/methodology/UVM/CDNS-1.2/sv/files/tcl/uvm_sim.tcl
ncsim> run
UVM_INFO /home/project/eda/pkgs/cadence/ius/default/tools/methodology/UVM/CDNS-1.2/sv/src/base/uvm_root.svh(412) @ 0: reporter [UVM/RELNOTES] 
----------------------------------------------------------------
CDNS-UVM-1.2undefined (15.20-s058)
(C) 2007-2014 Mentor Graphics Corporation
(C) 2007-2014 Cadence Design Systems, Inc.
(C) 2006-2014 Synopsys, Inc.
(C) 2011-2013 Cypress Semiconductor Corp.
(C) 2013-2014 NVIDIA Corporation
----------------------------------------------------------------

  ***********       IMPORTANT RELEASE NOTES         ************

  You are using a version of the UVM library that has been compiled
  with `UVM_NO_DEPRECATED undefined.
  See http://www.eda.org/svdb/view.php?id=3313 for more details.

  You are using a version of the UVM library that has been compiled
  with `UVM_OBJECT_DO_NOT_NEED_CONSTRUCTOR undefined.
  See http://www.eda.org/svdb/view.php?id=3770 for more details.

      (Specify +UVM_NO_RELNOTES to turn off this notice)

----------------------------------------------------------------
UVMC-2.3
(C) 2009-2014 Mentor Graphics Corporation
----------------------------------------------------------------
Registering SV-side 'cons.in' and lookup string '42' for later connection with SC
UVM_INFO @ 0: reporter [RNTST] Running test ...
0 s [PRODUCER/GP/SEND] cmd:1 addr:2c5fc177 data:{ 15 ba c9 }
ncsim: *W,SLFINV: Call to process::self() from invalid process; returning null.
UVM_INFO /NOBACKUP/atcpcw10/jasonli/sc/uvmc-2.3.3/src/connect/sv/uvmc_commands.sv(372) @ 0: reporter [TRACE/UVMC_CMD/OBJECTION] op=RAISE name=run contxt= description= count=1 sv_contxt=uvm_top
Connected SC-side 'producer.out' to SV-side 'cons.in'
UVM_INFO ./common/consumer.sv(63) @ 0: cons [CONSUMER/PKT/RECV] 
-------------------------------------------------------------------------------
Name               Type                       Size  Value                      
-------------------------------------------------------------------------------
<unnamed>          uvm_tlm_generic_payload    -     @2110                      
  address          integral                   64    'h2c5fc177                 
  command          uvm_tlm_command_e          32    UVM_TLM_WRITE_COMMAND      
  response_status  uvm_tlm_response_status_e  32    UVM_TLM_INCOMPLETE_RESPONSE
  streaming_width  integral                   32    'h0                        
  data             darray(byte)               3     -                          
    [0]            byte                       8     'h15                       
    [1]            byte                       8     'hba                       
    [2]            byte                       8     'hc9                       
  extensions       aa(obj,obj)                0     -                          
-------------------------------------------------------------------------------

UVM_INFO /home/project/eda/pkgs/cadence/ius/default/tools/methodology/UVM/CDNS-1.2/sv/src/base/uvm_traversal.svh(279) @ 0: reporter [UVM/COMP/NAMECHECK] This implementation of the component name checks requires DPI to be enabled
10 ns [PRODUCER/GP/SEND] cmd:1 addr:796d02c1 data:{ b3 54 59 b0 d6 2f }
UVM_INFO ./common/consumer.sv(63) @ 10000: cons [CONSUMER/PKT/RECV] 
-------------------------------------------------------------------------------
Name               Type                       Size  Value                      
-------------------------------------------------------------------------------
<unnamed>          uvm_tlm_generic_payload    -     @2162                      
  address          integral                   64    'h796d02c1                 
  command          uvm_tlm_command_e          32    UVM_TLM_WRITE_COMMAND      
  response_status  uvm_tlm_response_status_e  32    UVM_TLM_INCOMPLETE_RESPONSE
  streaming_width  integral                   32    'h0                        
  data             darray(byte)               6     -                          
    [0]            byte                       8     'hb3                       
    [1]            byte                       8     'h54                       
    [2]            byte                       8     'h59                       
    [3]            byte                       8     'hb0                       
    [4]            byte                       8     'hd6                       
    [5]            byte                       8     'h2f                       
  extensions       aa(obj,obj)                0     -                          
-------------------------------------------------------------------------------

20 ns [PRODUCER/ENDING] Ending test
UVM_INFO /NOBACKUP/atcpcw10/jasonli/sc/uvmc-2.3.3/src/connect/sv/uvmc_commands.sv(372) @ 20000: reporter [TRACE/UVMC_CMD/OBJECTION] op=DROP name=run contxt= description= count=1 sv_contxt=uvm_top
UVM_INFO /home/project/eda/pkgs/cadence/ius/default/tools/methodology/UVM/CDNS-1.2/sv/src/base/uvm_objection.svh(1271) @ 20000: reporter [TEST_DONE] 'run' phase is ready to proceed to the 'extract' phase
UVM_INFO /home/project/eda/pkgs/cadence/ius/default/tools/methodology/UVM/CDNS-1.2/sv/src/base/uvm_report_catcher.svh(705) @ 20000: reporter [UVM/REPORT/CATCHER] 
--- UVM Report catcher Summary ---


Number of demoted UVM_FATAL reports  :    0
Number of demoted UVM_ERROR reports  :    0
Number of demoted UVM_WARNING reports:    0
Number of caught UVM_FATAL reports   :    0
Number of caught UVM_ERROR reports   :    0
Number of caught UVM_WARNING reports :    0

UVM_INFO /home/project/eda/pkgs/cadence/ius/default/tools/methodology/UVM/CDNS-1.2/sv/src/base/uvm_report_server.svh(847) @ 20000: reporter [UVM/REPORT/SERVER] 
--- UVM Report Summary ---

** Report counts by severity
UVM_INFO :    9
UVM_WARNING :    0
UVM_ERROR :    0
UVM_FATAL :    0
** Report counts by id
[CONSUMER/PKT/RECV]     2
[RNTST]     1
[TEST_DONE]     1
[TRACE/UVMC_CMD/OBJECTION]     2
[UVM/COMP/NAMECHECK]     1
[UVM/RELNOTES]     1
[UVM/REPORT/CATCHER]     1

Simulation complete via $finish(1) at time 20 NS + 58
/home/project/eda/pkgs/cadence/ius/default/tools/methodology/UVM/CDNS-1.2/sv/src/base/uvm_root.svh:543     $finish;
ncsim> exit
TOOL:	irun	15.20-s058: Exiting on May 08, 2024 at 23:24:20 CST  (total: 00:00:01)
